<?xml version="1.0" encoding="UTF-8"?>
<testsuite xmlns:xsi="http://www.w3.org/2001/XMLSchema-instance" xsi:noNamespaceSchemaLocation="https://maven.apache.org/surefire/maven-surefire-plugin/xsd/surefire-test-report-3.0.xsd" version="3.0" name="eu.platform.integration.route.IntegrationRouteTest" time="9.118" tests="3" errors="0" skipped="0" failures="0">
  <properties>
[...]
</properties>
  <testcase name="testUnsupportedCountry" classname="eu.platform.integration.route.IntegrationRouteTest" time="4.592">
    <system-out><![CDATA[22:20:12.413 [main] INFO org.springframework.test.context.support.AnnotationConfigContextLoaderUtils -- Could not detect default configuration classes for test class [eu.platform.integration.route.IntegrationRouteTest]: IntegrationRouteTest does not declare any static, non-private, non-final, nested classes annotated with @Configuration.
22:20:12.497 [main] INFO org.springframework.boot.test.context.SpringBootTestContextBootstrapper -- Found @SpringBootConfiguration eu.platform.integration.IntegrationServiceApplication for test class eu.platform.integration.route.IntegrationRouteTest
22:20:12.608 [main] INFO org.apache.camel.test.spring.junit5.CamelSpringBootExecutionListener -- CamelSpringBootExecutionListener preparing: class eu.platform.integration.route.IntegrationRouteTest
22:20:12.611 [main] INFO org.apache.camel.test.spring.junit5.CamelAnnotationsHandler -- Disabling Camel JMX globally for tests by default. Use the DisableJMX annotation to override the default setting.

  .   ____          _            __ _ _
 /\\ / ___'_ __ _ _(_)_ __  __ _ \ \ \ \
( ( )\___ | '_ | '_| | '_ \/ _` | \ \ \ \
 \\/  ___)| |_)| | | | | || (_| |  ) ) ) )
  '  |____| .__|_| |_|_| |_\__, | / / / /
 =========|_|==============|___/=/_/_/_/
 :: Spring Boot ::                (v3.2.3)

2026-03-22T22:20:12.834+01:00  INFO 9808 --- [integration-service] [           main] e.p.i.route.IntegrationRouteTest         : Starting IntegrationRouteTest using Java 17 with PID 9808 (started by madsu in C:\Users\madsu\Downloads\eu-integration-platform-delivered\integration-service)
2026-03-22T22:20:12.835+01:00 DEBUG 9808 --- [integration-service] [           main] e.p.i.route.IntegrationRouteTest         : Running with Spring Boot v3.2.3, Spring v6.1.4
2026-03-22T22:20:12.836+01:00  INFO 9808 --- [integration-service] [           main] e.p.i.route.IntegrationRouteTest         : No active profile set, falling back to 1 default profile: "default"
2026-03-22T22:20:14.851+01:00  INFO 9808 --- [integration-service] [           main] e.p.i.route.IntegrationRouteTest         : Started IntegrationRouteTest in 2.217 seconds (process running for 2.992)
2026-03-22T22:20:14.860+01:00  INFO 9808 --- [integration-service] [           main] o.a.c.t.s.j.CamelAnnotationsHandler      : Setting shutdown timeout to [10 SECONDS] on CamelContext with name [camelContext].
2026-03-22T22:20:14.861+01:00  INFO 9808 --- [integration-service] [           main] o.a.c.t.s.j.CamelAnnotationsHandler      : Enabling auto mocking of endpoints matching pattern [direct:*|http:*|kafka:*] on CamelContext with name [camelContext].
2026-03-22T22:20:14.935+01:00  INFO 9808 --- [integration-service] [           main] c.t.s.j.CamelSpringBootExecutionListener : CamelSpringBootExecutionListener before: class eu.platform.integration.route.IntegrationRouteTest.testUnsupportedCountry
2026-03-22T22:20:14.936+01:00  INFO 9808 --- [integration-service] [           main] c.t.s.j.CamelSpringBootExecutionListener : Initialized CamelSpringBootExecutionListener now ready to start CamelContext
2026-03-22T22:20:14.936+01:00  INFO 9808 --- [integration-service] [           main] o.a.c.t.s.j.CamelAnnotationsHandler      : Skipping starting CamelContext(s) as UseAdviceWith annotation was found and isUseAdviceWith is set to true.
2026-03-22T22:20:15.947+01:00  INFO 9808 --- [integration-service] [           main] org.apache.camel.builder.AdviceWith      : AdviceWith route after: Route(germany-tax-route)[From[direct:germany-route] -> [Log[Processing German Tax Data], Split[bean(simple{${body}}, getEntries) -> [Log[Processing single entry: ${body.key}], SetHeader[CamelHttpMethod, constant{POST}], To[http://localhost:8082/germany/v1/tax?bridgeEndpoint=true]]], SetBody[CrossBorderResponse(requestId=6b1db6e2-6fdf-4546-b0c0-60a24d9f4e63, status=SUCCESS, message=German tax data processed successfully, processedBy=Germany-Integration-Adapter, data=null)]]]
2026-03-22T22:20:15.957+01:00  INFO 9808 --- [integration-service] [           main] org.apache.camel.builder.AdviceWith      : Adviced route before/after as XML:
<route xmlns="http://camel.apache.org/schema/spring" id="germany-tax-route">
    <from uri="direct:germany-route"/>
    <log message="Processing German Tax Data"/>
    <split parallelProcessing="true">
        <expressionDefinition>bean(simple{${body}}, getEntries)</expressionDefinition>
        <log message="Processing single entry: ${body.key}"/>
        <setHeader name="CamelHttpMethod">
            <constant>POST</constant>
        </setHeader>
        <to uri="http://localhost:8082/germany/v1/tax?bridgeEndpoint=true"/>
    </split>
    <setBody>
        <expressionDefinition/>
    </setBody>
</route>

<route xmlns="http://camel.apache.org/schema/spring" id="germany-tax-route">
    <from uri="direct:germany-route"/>
    <log message="Processing German Tax Data"/>
    <split parallelProcessing="true">
        <expressionDefinition>bean(simple{${body}}, getEntries)</expressionDefinition>
        <log message="Processing single entry: ${body.key}"/>
        <setHeader name="CamelHttpMethod">
            <constant>POST</constant>
        </setHeader>
        <to uri="http://localhost:8082/germany/v1/tax?bridgeEndpoint=true"/>
    </split>
    <setBody>
        <expressionDefinition/>
    </setBody>
</route>
2026-03-22T22:20:15.959+01:00  INFO 9808 --- [integration-service] [           main] org.apache.camel.builder.AdviceWith      : AdviceWith route after: Route(france-customs-route)[From[direct:france-route] -> [Log[Forwarding to France Customs via Kafka], Marshal[org.apache.camel.model.dataformat.JsonDataFormat@627d5f1], To[kafka:france-customs-topic?brokers={{kafka.brokers}}&lazyStartProducer=true], SetBody[CrossBorderResponse(requestId=null, status=PENDING, message=Request forwarded to France Customs asynchronously, processedBy=null, data=null)]]]
2026-03-22T22:20:15.962+01:00  INFO 9808 --- [integration-service] [           main] org.apache.camel.builder.AdviceWith      : Adviced route before/after as XML:
<route xmlns="http://camel.apache.org/schema/spring" id="france-customs-route">
    <from uri="direct:france-route"/>
    <log message="Forwarding to France Customs via Kafka"/>
    <marshal>
        <json library="Jackson"/>
    </marshal>
    <to uri="kafka:france-customs-topic?brokers={{kafka.brokers}}&amp;lazyStartProducer=true"/>
    <setBody>
        <expressionDefinition/>
    </setBody>
</route>

<route xmlns="http://camel.apache.org/schema/spring" id="france-customs-route">
    <from uri="direct:france-route"/>
    <log message="Forwarding to France Customs via Kafka"/>
    <marshal>
        <json library="Jackson"/>
    </marshal>
    <to uri="kafka:france-customs-topic?brokers={{kafka.brokers}}&amp;lazyStartProducer=true"/>
    <setBody>
        <expressionDefinition/>
    </setBody>
</route>
2026-03-22T22:20:15.964+01:00  INFO 9808 --- [integration-service] [           main] org.apache.camel.builder.AdviceWith      : AdviceWith route after: Route(error-handler-route)[From[direct:error-handler] -> [Log[ERROR: Moving failed exchange ${exchangeId} to dead letter queue], SetBody[CrossBorderResponse(requestId=null, status=FAILURE, message=Internal Processing Error, processedBy=null, data=null)], To[kafka:dead-letter-topic?brokers={{kafka.brokers}}&lazyStartProducer=true]]]
2026-03-22T22:20:15.965+01:00  INFO 9808 --- [integration-service] [           main] org.apache.camel.builder.AdviceWith      : Adviced route before/after as XML:
<route xmlns="http://camel.apache.org/schema/spring" id="error-handler-route">
    <from uri="direct:error-handler"/>
    <log message="ERROR: Moving failed exchange ${exchangeId} to dead letter queue"/>
    <setBody>
        <expressionDefinition/>
    </setBody>
    <to uri="kafka:dead-letter-topic?brokers={{kafka.brokers}}&amp;lazyStartProducer=true"/>
</route>

<route xmlns="http://camel.apache.org/schema/spring" id="error-handler-route">
    <from uri="direct:error-handler"/>
    <log message="ERROR: Moving failed exchange ${exchangeId} to dead letter queue"/>
    <setBody>
        <expressionDefinition/>
    </setBody>
    <to uri="kafka:dead-letter-topic?brokers={{kafka.brokers}}&amp;lazyStartProducer=true"/>
</route>
2026-03-22T22:20:15.968+01:00  INFO 9808 --- [integration-service] [           main] org.apache.camel.builder.AdviceWith      : AdviceWith route after: Route(netherlands-identity-route)[From[direct:netherlands-route] -> [Log[Calling Netherlands Identity Service], To[http://localhost:8084/netherlands/v1/identity?bridgeEndpoint=true], Unmarshal[org.apache.camel.model.dataformat.JsonDataFormat@35c95869]]]
2026-03-22T22:20:15.970+01:00  INFO 9808 --- [integration-service] [           main] org.apache.camel.builder.AdviceWith      : Adviced route before/after as XML:
<route xmlns="http://camel.apache.org/schema/spring" id="netherlands-identity-route">
    <from uri="direct:netherlands-route"/>
    <log message="Calling Netherlands Identity Service"/>
    <to uri="http://localhost:8084/netherlands/v1/identity?bridgeEndpoint=true"/>
    <unmarshal>
        <json library="Jackson"/>
    </unmarshal>
</route>

<route xmlns="http://camel.apache.org/schema/spring" id="netherlands-identity-route">
    <from uri="direct:netherlands-route"/>
    <log message="Calling Netherlands Identity Service"/>
    <to uri="http://localhost:8084/netherlands/v1/identity?bridgeEndpoint=true"/>
    <unmarshal>
        <json library="Jackson"/>
    </unmarshal>
</route>
2026-03-22T22:20:16.205+01:00  INFO 9808 --- [integration-service] [           main] .c.m.InterceptSendToMockEndpointStrategy : Adviced endpoint [http://localhost:8084/netherlands/v1/identity?bridgeEndpoint=true] with mock endpoint [mock:http:localhost:8084/netherlands/v1/identity]
2026-03-22T22:20:16.282+01:00  INFO 9808 --- [integration-service] [           main] .c.m.InterceptSendToMockEndpointStrategy : Adviced endpoint [kafka://dead-letter-topic?brokers=localhost:9092&lazyStartProducer=true] with mock endpoint [mock:kafka:dead-letter-topic]
2026-03-22T22:20:16.287+01:00  INFO 9808 --- [integration-service] [           main] .c.m.InterceptSendToMockEndpointStrategy : Adviced endpoint [kafka://france-customs-topic?brokers=localhost:9092&lazyStartProducer=true] with mock endpoint [mock:kafka:france-customs-topic]
2026-03-22T22:20:16.304+01:00  INFO 9808 --- [integration-service] [           main] .c.m.InterceptSendToMockEndpointStrategy : Adviced endpoint [http://localhost:8082/germany/v1/tax?bridgeEndpoint=true] with mock endpoint [mock:http:localhost:8082/germany/v1/tax]
2026-03-22T22:20:16.380+01:00  INFO 9808 --- [integration-service] [           main] o.a.c.impl.engine.AbstractCamelContext   : Apache Camel 4.4.0 (EU-Integration-Service) is starting
2026-03-22T22:20:16.386+01:00  INFO 9808 --- [integration-service] [           main] c.s.b.CamelSpringBootApplicationListener : Starting CamelMainRunController to ensure the main thread keeps running
2026-03-22T22:20:16.387+01:00  INFO 9808 --- [integration-service] [inRunController] org.apache.camel.main.MainSupport        : Apache Camel (Main) 4.4.0 is starting
2026-03-22T22:20:16.391+01:00  INFO 9808 --- [integration-service] [           main] o.a.c.impl.engine.AbstractCamelContext   : Routes startup (started:6)
2026-03-22T22:20:16.391+01:00  INFO 9808 --- [integration-service] [           main] o.a.c.impl.engine.AbstractCamelContext   :     Started netherlands-identity-route (direct://netherlands-route)
2026-03-22T22:20:16.391+01:00  INFO 9808 --- [integration-service] [           main] o.a.c.impl.engine.AbstractCamelContext   :     Started error-handler-route (direct://error-handler)
2026-03-22T22:20:16.391+01:00  INFO 9808 --- [integration-service] [           main] o.a.c.impl.engine.AbstractCamelContext   :     Started france-customs-route (direct://france-route)
2026-03-22T22:20:16.391+01:00  INFO 9808 --- [integration-service] [           main] o.a.c.impl.engine.AbstractCamelContext   :     Started germany-tax-route (direct://germany-route)
2026-03-22T22:20:16.391+01:00  INFO 9808 --- [integration-service] [           main] o.a.c.impl.engine.AbstractCamelContext   :     Started integration-orchestrator (direct://integration-orchestrator)
2026-03-22T22:20:16.391+01:00  INFO 9808 --- [integration-service] [           main] o.a.c.impl.engine.AbstractCamelContext   :     Started route1 (rest://post:/v1:/process)
2026-03-22T22:20:16.391+01:00  INFO 9808 --- [integration-service] [           main] o.a.c.impl.engine.AbstractCamelContext   : Apache Camel 4.4.0 (EU-Integration-Service) started in 10ms (build:0ms init:0ms start:10ms)
2026-03-22T22:20:16.407+01:00  INFO 9808 --- [integration-service] [           main] integration-orchestrator                 : Orchestrating request REQ-XX-001 for country XX
2026-03-22T22:20:16.410+01:00  WARN 9808 --- [integration-service] [           main] o.a.c.p.errorhandler.DeadLetterChannel   : Failed delivery for (MessageId: 21743759F7E10DC-0000000000000000 on ExchangeId: 21743759F7E10DC-0000000000000000). On delivery attempt: 0 caught: java.lang.IllegalArgumentException: Unsupported EU Country Code
2026-03-22T22:20:17.422+01:00  WARN 9808 --- [integration-service] [           main] o.a.c.p.errorhandler.DeadLetterChannel   : Failed delivery for (MessageId: 21743759F7E10DC-0000000000000000 on ExchangeId: 21743759F7E10DC-0000000000000000). On delivery attempt: 1 caught: java.lang.IllegalArgumentException: Unsupported EU Country Code
2026-03-22T22:20:18.435+01:00  WARN 9808 --- [integration-service] [           main] o.a.c.p.errorhandler.DeadLetterChannel   : Failed delivery for (MessageId: 21743759F7E10DC-0000000000000000 on ExchangeId: 21743759F7E10DC-0000000000000000). On delivery attempt: 2 caught: java.lang.IllegalArgumentException: Unsupported EU Country Code
2026-03-22T22:20:19.451+01:00  WARN 9808 --- [integration-service] [           main] o.a.c.p.errorhandler.DeadLetterChannel   : Failed delivery for (MessageId: 21743759F7E10DC-0000000000000000 on ExchangeId: 21743759F7E10DC-0000000000000000). On delivery attempt: 3 caught: java.lang.IllegalArgumentException: Unsupported EU Country Code
2026-03-22T22:20:19.459+01:00  INFO 9808 --- [integration-service] [           main] error-handler-route                      : ERROR: Moving failed exchange 21743759F7E10DC-0000000000000000 to dead letter queue
2026-03-22T22:20:19.485+01:00  INFO 9808 --- [integration-service] [           main] o.a.c.impl.engine.AbstractCamelContext   : Apache Camel 4.4.0 (EU-Integration-Service) is shutting down (timeout:10s)
2026-03-22T22:20:19.492+01:00  INFO 9808 --- [integration-service] [           main] o.a.c.impl.engine.AbstractCamelContext   : Routes stopped (stopped:6)
2026-03-22T22:20:19.492+01:00  INFO 9808 --- [integration-service] [           main] o.a.c.impl.engine.AbstractCamelContext   :     Stopped route1 (rest://post:/v1:/process)
2026-03-22T22:20:19.492+01:00  INFO 9808 --- [integration-service] [           main] o.a.c.impl.engine.AbstractCamelContext   :     Stopped integration-orchestrator (direct://integration-orchestrator)
2026-03-22T22:20:19.492+01:00  INFO 9808 --- [integration-service] [           main] o.a.c.impl.engine.AbstractCamelContext   :     Stopped germany-tax-route (direct://germany-route)
2026-03-22T22:20:19.492+01:00  INFO 9808 --- [integration-service] [           main] o.a.c.impl.engine.AbstractCamelContext   :     Stopped france-customs-route (direct://france-route)
2026-03-22T22:20:19.492+01:00  INFO 9808 --- [integration-service] [           main] o.a.c.impl.engine.AbstractCamelContext   :     Stopped error-handler-route (direct://error-handler)
2026-03-22T22:20:19.493+01:00  INFO 9808 --- [integration-service] [           main] o.a.c.impl.engine.AbstractCamelContext   :     Stopped netherlands-identity-route (direct://netherlands-route)
2026-03-22T22:20:19.509+01:00  INFO 9808 --- [integration-service] [           main] o.a.c.impl.engine.AbstractCamelContext   : Apache Camel 4.4.0 (EU-Integration-Service) shutdown in 24ms (uptime:3s)
2026-03-22T22:20:19.512+01:00  INFO 9808 --- [integration-service] [           main] e.p.i.route.IntegrationRouteTest         : ********************************************************************************
2026-03-22T22:20:19.512+01:00  INFO 9808 --- [integration-service] [           main] e.p.i.route.IntegrationRouteTest         : Testing done: testUnsupportedCountry (eu.platform.integration.route.IntegrationRouteTest)
2026-03-22T22:20:19.512+01:00  INFO 9808 --- [integration-service] [           main] e.p.i.route.IntegrationRouteTest         : Took: 4s575ms (4575 millis)
2026-03-22T22:20:19.512+01:00  INFO 9808 --- [integration-service] [           main] e.p.i.route.IntegrationRouteTest         : ********************************************************************************
2026-03-22T22:20:19.512+01:00  INFO 9808 --- [integration-service] [           main] c.t.s.j.CamelSpringBootExecutionListener : CamelSpringBootExecutionListener after: class eu.platform.integration.route.IntegrationRouteTest.testUnsupportedCountry
]]></system-out>
  </testcase>
  <testcase name="testIntegrationSuccessDE" classname="eu.platform.integration.route.IntegrationRouteTest" time="0.411">
    <system-out><![CDATA[2026-03-22T22:20:19.521+01:00  INFO 9808 --- [integration-service] [           main] c.t.s.j.CamelSpringBootExecutionListener : CamelSpringBootExecutionListener preparing: class eu.platform.integration.route.IntegrationRouteTest
2026-03-22T22:20:19.521+01:00  INFO 9808 --- [integration-service] [           main] o.a.c.t.s.j.CamelAnnotationsHandler      : Disabling Camel JMX globally for tests by default. Use the DisableJMX annotation to override the default setting.

  .   ____          _            __ _ _
 /\\ / ___'_ __ _ _(_)_ __  __ _ \ \ \ \
( ( )\___ | '_ | '_| | '_ \/ _` | \ \ \ \
 \\/  ___)| |_)| | | | | || (_| |  ) ) ) )
  '  |____| .__|_| |_|_| |_\__, | / / / /
 =========|_|==============|___/=/_/_/_/
 :: Spring Boot ::                (v3.2.3)

2026-03-22T22:20:19.546+01:00  INFO 9808 --- [integration-service] [           main] e.p.i.route.IntegrationRouteTest         : Starting IntegrationRouteTest using Java 17 with PID 9808 (started by madsu in C:\Users\madsu\Downloads\eu-integration-platform-delivered\integration-service)
2026-03-22T22:20:19.546+01:00 DEBUG 9808 --- [integration-service] [           main] e.p.i.route.IntegrationRouteTest         : Running with Spring Boot v3.2.3, Spring v6.1.4
2026-03-22T22:20:19.546+01:00  INFO 9808 --- [integration-service] [           main] e.p.i.route.IntegrationRouteTest         : No active profile set, falling back to 1 default profile: "default"
2026-03-22T22:20:19.964+01:00  INFO 9808 --- [integration-service] [           main] e.p.i.route.IntegrationRouteTest         : Started IntegrationRouteTest in 0.442 seconds (process running for 8.104)
2026-03-22T22:20:19.965+01:00  INFO 9808 --- [integration-service] [           main] o.a.c.t.s.j.CamelAnnotationsHandler      : Setting shutdown timeout to [10 SECONDS] on CamelContext with name [camelContext].
2026-03-22T22:20:19.965+01:00  INFO 9808 --- [integration-service] [           main] o.a.c.t.s.j.CamelAnnotationsHandler      : Enabling auto mocking of endpoints matching pattern [direct:*|http:*|kafka:*] on CamelContext with name [camelContext].
2026-03-22T22:20:19.967+01:00  INFO 9808 --- [integration-service] [           main] c.t.s.j.CamelSpringBootExecutionListener : CamelSpringBootExecutionListener before: class eu.platform.integration.route.IntegrationRouteTest.testIntegrationSuccessDE
2026-03-22T22:20:19.967+01:00  INFO 9808 --- [integration-service] [           main] c.t.s.j.CamelSpringBootExecutionListener : Initialized CamelSpringBootExecutionListener now ready to start CamelContext
2026-03-22T22:20:19.967+01:00  INFO 9808 --- [integration-service] [           main] o.a.c.t.s.j.CamelAnnotationsHandler      : Skipping starting CamelContext(s) as UseAdviceWith annotation was found and isUseAdviceWith is set to true.
2026-03-22T22:20:20.231+01:00  INFO 9808 --- [integration-service] [           main] org.apache.camel.builder.AdviceWith      : AdviceWith route after: Route(germany-tax-route)[From[direct:germany-route] -> [Log[Processing German Tax Data], Split[bean(simple{${body}}, getEntries) -> [Log[Processing single entry: ${body.key}], SetHeader[CamelHttpMethod, constant{POST}], To[http://localhost:8082/germany/v1/tax?bridgeEndpoint=true]]], SetBody[CrossBorderResponse(requestId=fd7aa2d3-bf6d-4bbe-bc5b-751fd273e60b, status=SUCCESS, message=German tax data processed successfully, processedBy=Germany-Integration-Adapter, data=null)]]]
2026-03-22T22:20:20.234+01:00  INFO 9808 --- [integration-service] [           main] org.apache.camel.builder.AdviceWith      : Adviced route before/after as XML:
<route xmlns="http://camel.apache.org/schema/spring" id="germany-tax-route">
    <from uri="direct:germany-route"/>
    <log message="Processing German Tax Data"/>
    <split parallelProcessing="true">
        <expressionDefinition>bean(simple{${body}}, getEntries)</expressionDefinition>
        <log message="Processing single entry: ${body.key}"/>
        <setHeader name="CamelHttpMethod">
            <constant>POST</constant>
        </setHeader>
        <to uri="http://localhost:8082/germany/v1/tax?bridgeEndpoint=true"/>
    </split>
    <setBody>
        <expressionDefinition/>
    </setBody>
</route>

<route xmlns="http://camel.apache.org/schema/spring" id="germany-tax-route">
    <from uri="direct:germany-route"/>
    <log message="Processing German Tax Data"/>
    <split parallelProcessing="true">
        <expressionDefinition>bean(simple{${body}}, getEntries)</expressionDefinition>
        <log message="Processing single entry: ${body.key}"/>
        <setHeader name="CamelHttpMethod">
            <constant>POST</constant>
        </setHeader>
        <to uri="http://localhost:8082/germany/v1/tax?bridgeEndpoint=true"/>
    </split>
    <setBody>
        <expressionDefinition/>
    </setBody>
</route>
2026-03-22T22:20:20.236+01:00  INFO 9808 --- [integration-service] [           main] org.apache.camel.builder.AdviceWith      : AdviceWith route after: Route(france-customs-route)[From[direct:france-route] -> [Log[Forwarding to France Customs via Kafka], Marshal[org.apache.camel.model.dataformat.JsonDataFormat@39303a6], To[kafka:france-customs-topic?brokers={{kafka.brokers}}&lazyStartProducer=true], SetBody[CrossBorderResponse(requestId=null, status=PENDING, message=Request forwarded to France Customs asynchronously, processedBy=null, data=null)]]]
2026-03-22T22:20:20.238+01:00  INFO 9808 --- [integration-service] [           main] org.apache.camel.builder.AdviceWith      : Adviced route before/after as XML:
<route xmlns="http://camel.apache.org/schema/spring" id="france-customs-route">
    <from uri="direct:france-route"/>
    <log message="Forwarding to France Customs via Kafka"/>
    <marshal>
        <json library="Jackson"/>
    </marshal>
    <to uri="kafka:france-customs-topic?brokers={{kafka.brokers}}&amp;lazyStartProducer=true"/>
    <setBody>
        <expressionDefinition/>
    </setBody>
</route>

<route xmlns="http://camel.apache.org/schema/spring" id="france-customs-route">
    <from uri="direct:france-route"/>
    <log message="Forwarding to France Customs via Kafka"/>
    <marshal>
        <json library="Jackson"/>
    </marshal>
    <to uri="kafka:france-customs-topic?brokers={{kafka.brokers}}&amp;lazyStartProducer=true"/>
    <setBody>
        <expressionDefinition/>
    </setBody>
</route>
2026-03-22T22:20:20.243+01:00  INFO 9808 --- [integration-service] [           main] org.apache.camel.builder.AdviceWith      : AdviceWith route after: Route(error-handler-route)[From[direct:error-handler] -> [Log[ERROR: Moving failed exchange ${exchangeId} to dead letter queue], SetBody[CrossBorderResponse(requestId=null, status=FAILURE, message=Internal Processing Error, processedBy=null, data=null)], To[kafka:dead-letter-topic?brokers={{kafka.brokers}}&lazyStartProducer=true]]]
2026-03-22T22:20:20.245+01:00  INFO 9808 --- [integration-service] [           main] org.apache.camel.builder.AdviceWith      : Adviced route before/after as XML:
<route xmlns="http://camel.apache.org/schema/spring" id="error-handler-route">
    <from uri="direct:error-handler"/>
    <log message="ERROR: Moving failed exchange ${exchangeId} to dead letter queue"/>
    <setBody>
        <expressionDefinition/>
    </setBody>
    <to uri="kafka:dead-letter-topic?brokers={{kafka.brokers}}&amp;lazyStartProducer=true"/>
</route>

<route xmlns="http://camel.apache.org/schema/spring" id="error-handler-route">
    <from uri="direct:error-handler"/>
    <log message="ERROR: Moving failed exchange ${exchangeId} to dead letter queue"/>
    <setBody>
        <expressionDefinition/>
    </setBody>
    <to uri="kafka:dead-letter-topic?brokers={{kafka.brokers}}&amp;lazyStartProducer=true"/>
</route>
2026-03-22T22:20:20.247+01:00  INFO 9808 --- [integration-service] [           main] org.apache.camel.builder.AdviceWith      : AdviceWith route after: Route(netherlands-identity-route)[From[direct:netherlands-route] -> [Log[Calling Netherlands Identity Service], To[http://localhost:8084/netherlands/v1/identity?bridgeEndpoint=true], Unmarshal[org.apache.camel.model.dataformat.JsonDataFormat@197da701]]]
2026-03-22T22:20:20.258+01:00  INFO 9808 --- [integration-service] [           main] org.apache.camel.builder.AdviceWith      : Adviced route before/after as XML:
<route xmlns="http://camel.apache.org/schema/spring" id="netherlands-identity-route">
    <from uri="direct:netherlands-route"/>
    <log message="Calling Netherlands Identity Service"/>
    <to uri="http://localhost:8084/netherlands/v1/identity?bridgeEndpoint=true"/>
    <unmarshal>
        <json library="Jackson"/>
    </unmarshal>
</route>

<route xmlns="http://camel.apache.org/schema/spring" id="netherlands-identity-route">
    <from uri="direct:netherlands-route"/>
    <log message="Calling Netherlands Identity Service"/>
    <to uri="http://localhost:8084/netherlands/v1/identity?bridgeEndpoint=true"/>
    <unmarshal>
        <json library="Jackson"/>
    </unmarshal>
</route>
2026-03-22T22:20:20.285+01:00  INFO 9808 --- [integration-service] [           main] .c.m.InterceptSendToMockEndpointStrategy : Adviced endpoint [http://localhost:8084/netherlands/v1/identity?bridgeEndpoint=true] with mock endpoint [mock:http:localhost:8084/netherlands/v1/identity]
2026-03-22T22:20:20.309+01:00  INFO 9808 --- [integration-service] [           main] .c.m.InterceptSendToMockEndpointStrategy : Adviced endpoint [kafka://dead-letter-topic?brokers=localhost:9092&lazyStartProducer=true] with mock endpoint [mock:kafka:dead-letter-topic]
2026-03-22T22:20:20.313+01:00  INFO 9808 --- [integration-service] [           main] .c.m.InterceptSendToMockEndpointStrategy : Adviced endpoint [kafka://france-customs-topic?brokers=localhost:9092&lazyStartProducer=true] with mock endpoint [mock:kafka:france-customs-topic]
2026-03-22T22:20:20.327+01:00  INFO 9808 --- [integration-service] [           main] .c.m.InterceptSendToMockEndpointStrategy : Adviced endpoint [http://localhost:8082/germany/v1/tax?bridgeEndpoint=true] with mock endpoint [mock:http:localhost:8082/germany/v1/tax]
2026-03-22T22:20:20.346+01:00  INFO 9808 --- [integration-service] [           main] o.a.c.impl.engine.AbstractCamelContext   : Apache Camel 4.4.0 (EU-Integration-Service) is starting
2026-03-22T22:20:20.348+01:00  INFO 9808 --- [integration-service] [           main] c.s.b.CamelSpringBootApplicationListener : Starting CamelMainRunController to ensure the main thread keeps running
2026-03-22T22:20:20.349+01:00  INFO 9808 --- [integration-service] [inRunController] org.apache.camel.main.MainSupport        : Apache Camel (Main) 4.4.0 is starting
2026-03-22T22:20:20.349+01:00  INFO 9808 --- [integration-service] [           main] o.a.c.impl.engine.AbstractCamelContext   : Routes startup (started:6)
2026-03-22T22:20:20.350+01:00  INFO 9808 --- [integration-service] [           main] o.a.c.impl.engine.AbstractCamelContext   :     Started netherlands-identity-route (direct://netherlands-route)
2026-03-22T22:20:20.350+01:00  INFO 9808 --- [integration-service] [           main] o.a.c.impl.engine.AbstractCamelContext   :     Started error-handler-route (direct://error-handler)
2026-03-22T22:20:20.350+01:00  INFO 9808 --- [integration-service] [           main] o.a.c.impl.engine.AbstractCamelContext   :     Started france-customs-route (direct://france-route)
2026-03-22T22:20:20.350+01:00  INFO 9808 --- [integration-service] [           main] o.a.c.impl.engine.AbstractCamelContext   :     Started germany-tax-route (direct://germany-route)
2026-03-22T22:20:20.350+01:00  INFO 9808 --- [integration-service] [           main] o.a.c.impl.engine.AbstractCamelContext   :     Started integration-orchestrator (direct://integration-orchestrator)
2026-03-22T22:20:20.350+01:00  INFO 9808 --- [integration-service] [           main] o.a.c.impl.engine.AbstractCamelContext   :     Started route2 (rest://post:/v1:/process)
2026-03-22T22:20:20.350+01:00  INFO 9808 --- [integration-service] [           main] o.a.c.impl.engine.AbstractCamelContext   : Apache Camel 4.4.0 (EU-Integration-Service) started in 3ms (build:0ms init:0ms start:3ms)
2026-03-22T22:20:20.352+01:00  INFO 9808 --- [integration-service] [           main] germany-tax-route                        : Processing German Tax Data
2026-03-22T22:20:20.371+01:00  INFO 9808 --- [integration-service] [read #3 - Split] germany-tax-route                        : Processing single entry: taxId
2026-03-22T22:20:20.374+01:00  INFO 9808 --- [integration-service] [           main] o.a.c.impl.engine.AbstractCamelContext   : Apache Camel 4.4.0 (EU-Integration-Service) is shutting down (timeout:10s)
2026-03-22T22:20:20.375+01:00  INFO 9808 --- [integration-service] [           main] o.a.c.impl.engine.AbstractCamelContext   : Routes stopped (stopped:6)
2026-03-22T22:20:20.375+01:00  INFO 9808 --- [integration-service] [           main] o.a.c.impl.engine.AbstractCamelContext   :     Stopped route2 (rest://post:/v1:/process)
2026-03-22T22:20:20.375+01:00  INFO 9808 --- [integration-service] [           main] o.a.c.impl.engine.AbstractCamelContext   :     Stopped integration-orchestrator (direct://integration-orchestrator)
2026-03-22T22:20:20.375+01:00  INFO 9808 --- [integration-service] [           main] o.a.c.impl.engine.AbstractCamelContext   :     Stopped germany-tax-route (direct://germany-route)
2026-03-22T22:20:20.375+01:00  INFO 9808 --- [integration-service] [           main] o.a.c.impl.engine.AbstractCamelContext   :     Stopped france-customs-route (direct://france-route)
2026-03-22T22:20:20.375+01:00  INFO 9808 --- [integration-service] [           main] o.a.c.impl.engine.AbstractCamelContext   :     Stopped error-handler-route (direct://error-handler)
2026-03-22T22:20:20.376+01:00  INFO 9808 --- [integration-service] [           main] o.a.c.impl.engine.AbstractCamelContext   :     Stopped netherlands-identity-route (direct://netherlands-route)
2026-03-22T22:20:20.376+01:00  INFO 9808 --- [integration-service] [           main] o.a.c.impl.engine.AbstractCamelContext   : Apache Camel 4.4.0 (EU-Integration-Service) shutdown in 2ms (uptime:0s)
2026-03-22T22:20:20.378+01:00  INFO 9808 --- [integration-service] [           main] e.p.i.route.IntegrationRouteTest         : ********************************************************************************
2026-03-22T22:20:20.378+01:00  INFO 9808 --- [integration-service] [           main] e.p.i.route.IntegrationRouteTest         : Testing done: testIntegrationSuccessDE (eu.platform.integration.route.IntegrationRouteTest)
2026-03-22T22:20:20.378+01:00  INFO 9808 --- [integration-service] [           main] e.p.i.route.IntegrationRouteTest         : Took: 410ms (410 millis)
2026-03-22T22:20:20.378+01:00  INFO 9808 --- [integration-service] [           main] e.p.i.route.IntegrationRouteTest         : ********************************************************************************
2026-03-22T22:20:20.378+01:00  INFO 9808 --- [integration-service] [           main] c.t.s.j.CamelSpringBootExecutionListener : CamelSpringBootExecutionListener after: class eu.platform.integration.route.IntegrationRouteTest.testIntegrationSuccessDE
]]></system-out>
  </testcase>
  <testcase name="testIntegrationSuccessFR" classname="eu.platform.integration.route.IntegrationRouteTest" time="0.549">
    <system-out><![CDATA[2026-03-22T22:20:20.378+01:00  INFO 9808 --- [integration-service] [           main] c.t.s.j.CamelSpringBootExecutionListener : CamelSpringBootExecutionListener preparing: class eu.platform.integration.route.IntegrationRouteTest
2026-03-22T22:20:20.379+01:00  INFO 9808 --- [integration-service] [           main] o.a.c.t.s.j.CamelAnnotationsHandler      : Disabling Camel JMX globally for tests by default. Use the DisableJMX annotation to override the default setting.

  .   ____          _            __ _ _
 /\\ / ___'_ __ _ _(_)_ __  __ _ \ \ \ \
( ( )\___ | '_ | '_| | '_ \/ _` | \ \ \ \
 \\/  ___)| |_)| | | | | || (_| |  ) ) ) )
  '  |____| .__|_| |_|_| |_\__, | / / / /
 =========|_|==============|___/=/_/_/_/
 :: Spring Boot ::                (v3.2.3)

2026-03-22T22:20:20.401+01:00  INFO 9808 --- [integration-service] [           main] e.p.i.route.IntegrationRouteTest         : Starting IntegrationRouteTest using Java 17 with PID 9808 (started by madsu in C:\Users\madsu\Downloads\eu-integration-platform-delivered\integration-service)
2026-03-22T22:20:20.401+01:00 DEBUG 9808 --- [integration-service] [           main] e.p.i.route.IntegrationRouteTest         : Running with Spring Boot v3.2.3, Spring v6.1.4
2026-03-22T22:20:20.401+01:00  INFO 9808 --- [integration-service] [           main] e.p.i.route.IntegrationRouteTest         : No active profile set, falling back to 1 default profile: "default"
2026-03-22T22:20:20.861+01:00  INFO 9808 --- [integration-service] [           main] e.p.i.route.IntegrationRouteTest         : Started IntegrationRouteTest in 0.481 seconds (process running for 9.002)
2026-03-22T22:20:20.863+01:00  INFO 9808 --- [integration-service] [           main] o.a.c.t.s.j.CamelAnnotationsHandler      : Setting shutdown timeout to [10 SECONDS] on CamelContext with name [camelContext].
2026-03-22T22:20:20.863+01:00  INFO 9808 --- [integration-service] [           main] o.a.c.t.s.j.CamelAnnotationsHandler      : Enabling auto mocking of endpoints matching pattern [direct:*|http:*|kafka:*] on CamelContext with name [camelContext].
2026-03-22T22:20:20.866+01:00  INFO 9808 --- [integration-service] [           main] c.t.s.j.CamelSpringBootExecutionListener : CamelSpringBootExecutionListener before: class eu.platform.integration.route.IntegrationRouteTest.testIntegrationSuccessFR
2026-03-22T22:20:20.866+01:00  INFO 9808 --- [integration-service] [           main] c.t.s.j.CamelSpringBootExecutionListener : Initialized CamelSpringBootExecutionListener now ready to start CamelContext
2026-03-22T22:20:20.866+01:00  INFO 9808 --- [integration-service] [           main] o.a.c.t.s.j.CamelAnnotationsHandler      : Skipping starting CamelContext(s) as UseAdviceWith annotation was found and isUseAdviceWith is set to true.
2026-03-22T22:20:21.219+01:00  INFO 9808 --- [integration-service] [           main] org.apache.camel.builder.AdviceWith      : AdviceWith route after: Route(germany-tax-route)[From[direct:germany-route] -> [Log[Processing German Tax Data], Split[bean(simple{${body}}, getEntries) -> [Log[Processing single entry: ${body.key}], SetHeader[CamelHttpMethod, constant{POST}], To[http://localhost:8082/germany/v1/tax?bridgeEndpoint=true]]], SetBody[CrossBorderResponse(requestId=9398b30d-cb04-40ad-af5a-718af8745328, status=SUCCESS, message=German tax data processed successfully, processedBy=Germany-Integration-Adapter, data=null)]]]
2026-03-22T22:20:21.222+01:00  INFO 9808 --- [integration-service] [           main] org.apache.camel.builder.AdviceWith      : Adviced route before/after as XML:
<route xmlns="http://camel.apache.org/schema/spring" id="germany-tax-route">
    <from uri="direct:germany-route"/>
    <log message="Processing German Tax Data"/>
    <split parallelProcessing="true">
        <expressionDefinition>bean(simple{${body}}, getEntries)</expressionDefinition>
        <log message="Processing single entry: ${body.key}"/>
        <setHeader name="CamelHttpMethod">
            <constant>POST</constant>
        </setHeader>
        <to uri="http://localhost:8082/germany/v1/tax?bridgeEndpoint=true"/>
    </split>
    <setBody>
        <expressionDefinition/>
    </setBody>
</route>

<route xmlns="http://camel.apache.org/schema/spring" id="germany-tax-route">
    <from uri="direct:germany-route"/>
    <log message="Processing German Tax Data"/>
    <split parallelProcessing="true">
        <expressionDefinition>bean(simple{${body}}, getEntries)</expressionDefinition>
        <log message="Processing single entry: ${body.key}"/>
        <setHeader name="CamelHttpMethod">
            <constant>POST</constant>
        </setHeader>
        <to uri="http://localhost:8082/germany/v1/tax?bridgeEndpoint=true"/>
    </split>
    <setBody>
        <expressionDefinition/>
    </setBody>
</route>
2026-03-22T22:20:21.225+01:00  INFO 9808 --- [integration-service] [           main] org.apache.camel.builder.AdviceWith      : AdviceWith route after: Route(france-customs-route)[From[direct:france-route] -> [Log[Forwarding to France Customs via Kafka], Marshal[org.apache.camel.model.dataformat.JsonDataFormat@7ff26b29], To[kafka:france-customs-topic?brokers={{kafka.brokers}}&lazyStartProducer=true], SetBody[CrossBorderResponse(requestId=null, status=PENDING, message=Request forwarded to France Customs asynchronously, processedBy=null, data=null)]]]
2026-03-22T22:20:21.229+01:00  INFO 9808 --- [integration-service] [           main] org.apache.camel.builder.AdviceWith      : Adviced route before/after as XML:
<route xmlns="http://camel.apache.org/schema/spring" id="france-customs-route">
    <from uri="direct:france-route"/>
    <log message="Forwarding to France Customs via Kafka"/>
    <marshal>
        <json library="Jackson"/>
    </marshal>
    <to uri="kafka:france-customs-topic?brokers={{kafka.brokers}}&amp;lazyStartProducer=true"/>
    <setBody>
        <expressionDefinition/>
    </setBody>
</route>

<route xmlns="http://camel.apache.org/schema/spring" id="france-customs-route">
    <from uri="direct:france-route"/>
    <log message="Forwarding to France Customs via Kafka"/>
    <marshal>
        <json library="Jackson"/>
    </marshal>
    <to uri="kafka:france-customs-topic?brokers={{kafka.brokers}}&amp;lazyStartProducer=true"/>
    <setBody>
        <expressionDefinition/>
    </setBody>
</route>
2026-03-22T22:20:21.233+01:00  INFO 9808 --- [integration-service] [           main] org.apache.camel.builder.AdviceWith      : AdviceWith route after: Route(error-handler-route)[From[direct:error-handler] -> [Log[ERROR: Moving failed exchange ${exchangeId} to dead letter queue], SetBody[CrossBorderResponse(requestId=null, status=FAILURE, message=Internal Processing Error, processedBy=null, data=null)], To[kafka:dead-letter-topic?brokers={{kafka.brokers}}&lazyStartProducer=true]]]
2026-03-22T22:20:21.236+01:00  INFO 9808 --- [integration-service] [           main] org.apache.camel.builder.AdviceWith      : Adviced route before/after as XML:
<route xmlns="http://camel.apache.org/schema/spring" id="error-handler-route">
    <from uri="direct:error-handler"/>
    <log message="ERROR: Moving failed exchange ${exchangeId} to dead letter queue"/>
    <setBody>
        <expressionDefinition/>
    </setBody>
    <to uri="kafka:dead-letter-topic?brokers={{kafka.brokers}}&amp;lazyStartProducer=true"/>
</route>

<route xmlns="http://camel.apache.org/schema/spring" id="error-handler-route">
    <from uri="direct:error-handler"/>
    <log message="ERROR: Moving failed exchange ${exchangeId} to dead letter queue"/>
    <setBody>
        <expressionDefinition/>
    </setBody>
    <to uri="kafka:dead-letter-topic?brokers={{kafka.brokers}}&amp;lazyStartProducer=true"/>
</route>
2026-03-22T22:20:21.238+01:00  INFO 9808 --- [integration-service] [           main] org.apache.camel.builder.AdviceWith      : AdviceWith route after: Route(netherlands-identity-route)[From[direct:netherlands-route] -> [Log[Calling Netherlands Identity Service], To[http://localhost:8084/netherlands/v1/identity?bridgeEndpoint=true], Unmarshal[org.apache.camel.model.dataformat.JsonDataFormat@588b02a0]]]
2026-03-22T22:20:21.240+01:00  INFO 9808 --- [integration-service] [           main] org.apache.camel.builder.AdviceWith      : Adviced route before/after as XML:
<route xmlns="http://camel.apache.org/schema/spring" id="netherlands-identity-route">
    <from uri="direct:netherlands-route"/>
    <log message="Calling Netherlands Identity Service"/>
    <to uri="http://localhost:8084/netherlands/v1/identity?bridgeEndpoint=true"/>
    <unmarshal>
        <json library="Jackson"/>
    </unmarshal>
</route>

<route xmlns="http://camel.apache.org/schema/spring" id="netherlands-identity-route">
    <from uri="direct:netherlands-route"/>
    <log message="Calling Netherlands Identity Service"/>
    <to uri="http://localhost:8084/netherlands/v1/identity?bridgeEndpoint=true"/>
    <unmarshal>
        <json library="Jackson"/>
    </unmarshal>
</route>
2026-03-22T22:20:21.264+01:00  INFO 9808 --- [integration-service] [           main] .c.m.InterceptSendToMockEndpointStrategy : Adviced endpoint [http://localhost:8084/netherlands/v1/identity?bridgeEndpoint=true] with mock endpoint [mock:http:localhost:8084/netherlands/v1/identity]
2026-03-22T22:20:21.284+01:00  INFO 9808 --- [integration-service] [           main] .c.m.InterceptSendToMockEndpointStrategy : Adviced endpoint [kafka://dead-letter-topic?brokers=localhost:9092&lazyStartProducer=true] with mock endpoint [mock:kafka:dead-letter-topic]
2026-03-22T22:20:21.290+01:00  INFO 9808 --- [integration-service] [           main] .c.m.InterceptSendToMockEndpointStrategy : Adviced endpoint [kafka://france-customs-topic?brokers=localhost:9092&lazyStartProducer=true] with mock endpoint [mock:kafka:france-customs-topic]
2026-03-22T22:20:21.300+01:00  INFO 9808 --- [integration-service] [           main] .c.m.InterceptSendToMockEndpointStrategy : Adviced endpoint [http://localhost:8082/germany/v1/tax?bridgeEndpoint=true] with mock endpoint [mock:http:localhost:8082/germany/v1/tax]
2026-03-22T22:20:21.316+01:00  INFO 9808 --- [integration-service] [           main] o.a.c.impl.engine.AbstractCamelContext   : Apache Camel 4.4.0 (EU-Integration-Service) is starting
2026-03-22T22:20:21.318+01:00  INFO 9808 --- [integration-service] [           main] c.s.b.CamelSpringBootApplicationListener : Starting CamelMainRunController to ensure the main thread keeps running
2026-03-22T22:20:21.319+01:00  INFO 9808 --- [integration-service] [inRunController] org.apache.camel.main.MainSupport        : Apache Camel (Main) 4.4.0 is starting
2026-03-22T22:20:21.319+01:00  INFO 9808 --- [integration-service] [           main] o.a.c.impl.engine.AbstractCamelContext   : Routes startup (started:6)
2026-03-22T22:20:21.320+01:00  INFO 9808 --- [integration-service] [           main] o.a.c.impl.engine.AbstractCamelContext   :     Started netherlands-identity-route (direct://netherlands-route)
2026-03-22T22:20:21.320+01:00  INFO 9808 --- [integration-service] [           main] o.a.c.impl.engine.AbstractCamelContext   :     Started error-handler-route (direct://error-handler)
2026-03-22T22:20:21.320+01:00  INFO 9808 --- [integration-service] [           main] o.a.c.impl.engine.AbstractCamelContext   :     Started france-customs-route (direct://france-route)
2026-03-22T22:20:21.320+01:00  INFO 9808 --- [integration-service] [           main] o.a.c.impl.engine.AbstractCamelContext   :     Started germany-tax-route (direct://germany-route)
2026-03-22T22:20:21.320+01:00  INFO 9808 --- [integration-service] [           main] o.a.c.impl.engine.AbstractCamelContext   :     Started integration-orchestrator (direct://integration-orchestrator)
2026-03-22T22:20:21.320+01:00  INFO 9808 --- [integration-service] [           main] o.a.c.impl.engine.AbstractCamelContext   :     Started route3 (rest://post:/v1:/process)
2026-03-22T22:20:21.320+01:00  INFO 9808 --- [integration-service] [           main] o.a.c.impl.engine.AbstractCamelContext   : Apache Camel 4.4.0 (EU-Integration-Service) started in 3ms (build:0ms init:0ms start:3ms)
2026-03-22T22:20:21.320+01:00  INFO 9808 --- [integration-service] [           main] france-customs-route                     : Forwarding to France Customs via Kafka
2026-03-22T22:20:21.409+01:00  INFO 9808 --- [integration-service] [           main] o.a.c.impl.engine.AbstractCamelContext   : Apache Camel 4.4.0 (EU-Integration-Service) is shutting down (timeout:10s)
2026-03-22T22:20:21.411+01:00  INFO 9808 --- [integration-service] [           main] o.a.c.impl.engine.AbstractCamelContext   : Routes stopped (stopped:6)
2026-03-22T22:20:21.412+01:00  INFO 9808 --- [integration-service] [           main] o.a.c.impl.engine.AbstractCamelContext   :     Stopped route3 (rest://post:/v1:/process)
2026-03-22T22:20:21.412+01:00  INFO 9808 --- [integration-service] [           main] o.a.c.impl.engine.AbstractCamelContext   :     Stopped integration-orchestrator (direct://integration-orchestrator)
2026-03-22T22:20:21.412+01:00  INFO 9808 --- [integration-service] [           main] o.a.c.impl.engine.AbstractCamelContext   :     Stopped germany-tax-route (direct://germany-route)
2026-03-22T22:20:21.412+01:00  INFO 9808 --- [integration-service] [           main] o.a.c.impl.engine.AbstractCamelContext   :     Stopped france-customs-route (direct://france-route)
2026-03-22T22:20:21.412+01:00  INFO 9808 --- [integration-service] [           main] o.a.c.impl.engine.AbstractCamelContext   :     Stopped error-handler-route (direct://error-handler)
2026-03-22T22:20:21.412+01:00  INFO 9808 --- [integration-service] [           main] o.a.c.impl.engine.AbstractCamelContext   :     Stopped netherlands-identity-route (direct://netherlands-route)
2026-03-22T22:20:21.412+01:00  INFO 9808 --- [integration-service] [           main] o.a.c.impl.engine.AbstractCamelContext   : Apache Camel 4.4.0 (EU-Integration-Service) shutdown in 3ms (uptime:0s)
2026-03-22T22:20:21.413+01:00  INFO 9808 --- [integration-service] [           main] e.p.i.route.IntegrationRouteTest         : ********************************************************************************
2026-03-22T22:20:21.413+01:00  INFO 9808 --- [integration-service] [           main] e.p.i.route.IntegrationRouteTest         : Testing done: testIntegrationSuccessFR (eu.platform.integration.route.IntegrationRouteTest)
2026-03-22T22:20:21.413+01:00  INFO 9808 --- [integration-service] [           main] e.p.i.route.IntegrationRouteTest         : Took: 547ms (547 millis)
2026-03-22T22:20:21.413+01:00  INFO 9808 --- [integration-service] [           main] e.p.i.route.IntegrationRouteTest         : ********************************************************************************
2026-03-22T22:20:21.413+01:00  INFO 9808 --- [integration-service] [           main] c.t.s.j.CamelSpringBootExecutionListener : CamelSpringBootExecutionListener after: class eu.platform.integration.route.IntegrationRouteTest.testIntegrationSuccessFR
]]></system-out>
  </testcase>
</testsuite>