<?xml version="1.0" encoding="UTF-8"?>
<testsuite xmlns:xsi="http://www.w3.org/2001/XMLSchema-instance" xsi:noNamespaceSchemaLocation="https://maven.apache.org/surefire/maven-surefire-plugin/xsd/surefire-test-report-3.0.xsd" version="3.0" name="eu.platform.gateway.route.ApiGatewayRouteTest" time="5.604" tests="2" errors="0" skipped="0" failures="0">
  <properties>
[...]
</properties>
  <testcase name="testGatewayAuthFailure" classname="eu.platform.gateway.route.ApiGatewayRouteTest" time="1.119">
    <system-out><![CDATA[22:20:04.370 [main] INFO org.springframework.test.context.support.AnnotationConfigContextLoaderUtils -- Could not detect default configuration classes for test class [eu.platform.gateway.route.ApiGatewayRouteTest]: ApiGatewayRouteTest does not declare any static, non-private, non-final, nested classes annotated with @Configuration.
22:20:04.476 [main] INFO org.springframework.boot.test.context.SpringBootTestContextBootstrapper -- Found @SpringBootConfiguration eu.platform.gateway.ApiGatewayApplication for test class eu.platform.gateway.route.ApiGatewayRouteTest
22:20:04.578 [main] INFO org.apache.camel.test.spring.junit5.CamelSpringBootExecutionListener -- CamelSpringBootExecutionListener preparing: class eu.platform.gateway.route.ApiGatewayRouteTest
22:20:04.580 [main] INFO org.apache.camel.test.spring.junit5.CamelAnnotationsHandler -- Disabling Camel JMX globally for tests by default. Use the DisableJMX annotation to override the default setting.

  .   ____          _            __ _ _
 /\\ / ___'_ __ _ _(_)_ __  __ _ \ \ \ \
( ( )\___ | '_ | '_| | '_ \/ _` | \ \ \ \
 \\/  ___)| |_)| | | | | || (_| |  ) ) ) )
  '  |____| .__|_| |_|_| |_\__, | / / / /
 =========|_|==============|___/=/_/_/_/
 :: Spring Boot ::                (v3.2.3)

2026-03-22T22:20:04.802+01:00  INFO 27656 --- [api-gateway] [           main] e.p.gateway.route.ApiGatewayRouteTest    : Starting ApiGatewayRouteTest using Java 17 with PID 27656 (started by madsu in C:\Users\madsu\Downloads\eu-integration-platform-delivered\api-gateway)
2026-03-22T22:20:04.802+01:00 DEBUG 27656 --- [api-gateway] [           main] e.p.gateway.route.ApiGatewayRouteTest    : Running with Spring Boot v3.2.3, Spring v6.1.4
2026-03-22T22:20:04.803+01:00  INFO 27656 --- [api-gateway] [           main] e.p.gateway.route.ApiGatewayRouteTest    : No active profile set, falling back to 1 default profile: "default"
2026-03-22T22:20:06.989+01:00  INFO 27656 --- [api-gateway] [           main] o.s.b.a.e.web.EndpointLinksResolver      : Exposing 15 endpoint(s) beneath base path '/actuator'
2026-03-22T22:20:07.190+01:00  INFO 27656 --- [api-gateway] [           main] e.p.gateway.route.ApiGatewayRouteTest    : Started ApiGatewayRouteTest in 2.589 seconds (process running for 3.458)
2026-03-22T22:20:07.258+01:00  INFO 27656 --- [api-gateway] [           main] o.a.c.t.s.j.CamelAnnotationsHandler      : Setting shutdown timeout to [10 SECONDS] on CamelContext with name [camelContext].
2026-03-22T22:20:07.258+01:00  INFO 27656 --- [api-gateway] [           main] o.a.c.t.s.j.CamelAnnotationsHandler      : Enabling auto mocking of endpoints matching pattern [direct:*|http:*|kafka:*] on CamelContext with name [camelContext].
2026-03-22T22:20:07.315+01:00  INFO 27656 --- [api-gateway] [           main] c.t.s.j.CamelSpringBootExecutionListener : CamelSpringBootExecutionListener before: class eu.platform.gateway.route.ApiGatewayRouteTest.testGatewayAuthFailure
2026-03-22T22:20:07.316+01:00  INFO 27656 --- [api-gateway] [           main] c.t.s.j.CamelSpringBootExecutionListener : Initialized CamelSpringBootExecutionListener now ready to start CamelContext
2026-03-22T22:20:07.316+01:00  INFO 27656 --- [api-gateway] [           main] o.a.c.t.s.j.CamelAnnotationsHandler      : Skipping starting CamelContext(s) as UseAdviceWith annotation was found and isUseAdviceWith is set to true.
2026-03-22T22:20:08.268+01:00  INFO 27656 --- [api-gateway] [           main] o.a.c.impl.engine.AbstractCamelContext   : Apache Camel 4.4.0 (EU-API-Gateway) is starting
2026-03-22T22:20:08.335+01:00  INFO 27656 --- [api-gateway] [           main] c.s.b.CamelSpringBootApplicationListener : Starting CamelMainRunController to ensure the main thread keeps running
2026-03-22T22:20:08.336+01:00  INFO 27656 --- [api-gateway] [inRunController] org.apache.camel.main.MainSupport        : Apache Camel (Main) 4.4.0 is starting
2026-03-22T22:20:08.352+01:00  INFO 27656 --- [api-gateway] [           main] o.a.c.impl.engine.AbstractCamelContext   : Routes startup (started:3)
2026-03-22T22:20:08.352+01:00  INFO 27656 --- [api-gateway] [           main] o.a.c.impl.engine.AbstractCamelContext   :     Started gateway-main-route (direct://process-request)
2026-03-22T22:20:08.352+01:00  INFO 27656 --- [api-gateway] [           main] o.a.c.impl.engine.AbstractCamelContext   :     Started gateway-forwarder (direct://forward-to-integration)
2026-03-22T22:20:08.352+01:00  INFO 27656 --- [api-gateway] [           main] o.a.c.impl.engine.AbstractCamelContext   :     Started route1 (rest://post:/v1/exchange:/)
2026-03-22T22:20:08.352+01:00  INFO 27656 --- [api-gateway] [           main] o.a.c.impl.engine.AbstractCamelContext   : Apache Camel 4.4.0 (EU-API-Gateway) started in 84ms (build:0ms init:0ms start:84ms)
2026-03-22T22:20:08.371+01:00  INFO 27656 --- [api-gateway] [           main] gateway-main-route                       : Gateway received request: 123 from DE
2026-03-22T22:20:08.392+01:00  INFO 27656 --- [api-gateway] [           main] o.a.c.impl.engine.AbstractCamelContext   : Apache Camel 4.4.0 (EU-API-Gateway) is shutting down (timeout:10s)
2026-03-22T22:20:08.405+01:00  INFO 27656 --- [api-gateway] [           main] o.a.c.impl.engine.AbstractCamelContext   : Routes stopped (stopped:3)
2026-03-22T22:20:08.405+01:00  INFO 27656 --- [api-gateway] [           main] o.a.c.impl.engine.AbstractCamelContext   :     Stopped route1 (rest://post:/v1/exchange:/)
2026-03-22T22:20:08.405+01:00  INFO 27656 --- [api-gateway] [           main] o.a.c.impl.engine.AbstractCamelContext   :     Stopped gateway-forwarder (direct://forward-to-integration)
2026-03-22T22:20:08.405+01:00  INFO 27656 --- [api-gateway] [           main] o.a.c.impl.engine.AbstractCamelContext   :     Stopped gateway-main-route (direct://process-request)
2026-03-22T22:20:08.411+01:00  INFO 27656 --- [api-gateway] [           main] o.a.c.impl.engine.AbstractCamelContext   : Apache Camel 4.4.0 (EU-API-Gateway) shutdown in 19ms (uptime:0s)
2026-03-22T22:20:08.416+01:00  INFO 27656 --- [api-gateway] [           main] e.p.gateway.route.ApiGatewayRouteTest    : ********************************************************************************
2026-03-22T22:20:08.416+01:00  INFO 27656 --- [api-gateway] [           main] e.p.gateway.route.ApiGatewayRouteTest    : Testing done: testGatewayAuthFailure (eu.platform.gateway.route.ApiGatewayRouteTest)
2026-03-22T22:20:08.416+01:00  INFO 27656 --- [api-gateway] [           main] e.p.gateway.route.ApiGatewayRouteTest    : Took: 1s101ms (1101 millis)
2026-03-22T22:20:08.416+01:00  INFO 27656 --- [api-gateway] [           main] e.p.gateway.route.ApiGatewayRouteTest    : ********************************************************************************
2026-03-22T22:20:08.417+01:00  INFO 27656 --- [api-gateway] [           main] c.t.s.j.CamelSpringBootExecutionListener : CamelSpringBootExecutionListener after: class eu.platform.gateway.route.ApiGatewayRouteTest.testGatewayAuthFailure
]]></system-out>
  </testcase>
  <testcase name="testGatewaySuccessForwarding" classname="eu.platform.gateway.route.ApiGatewayRouteTest" time="0.723">
    <system-out><![CDATA[2026-03-22T22:20:08.431+01:00  INFO 27656 --- [api-gateway] [           main] c.t.s.j.CamelSpringBootExecutionListener : CamelSpringBootExecutionListener preparing: class eu.platform.gateway.route.ApiGatewayRouteTest
2026-03-22T22:20:08.432+01:00  INFO 27656 --- [api-gateway] [           main] o.a.c.t.s.j.CamelAnnotationsHandler      : Disabling Camel JMX globally for tests by default. Use the DisableJMX annotation to override the default setting.

  .   ____          _            __ _ _
 /\\ / ___'_ __ _ _(_)_ __  __ _ \ \ \ \
( ( )\___ | '_ | '_| | '_ \/ _` | \ \ \ \
 \\/  ___)| |_)| | | | | || (_| |  ) ) ) )
  '  |____| .__|_| |_|_| |_\__, | / / / /
 =========|_|==============|___/=/_/_/_/
 :: Spring Boot ::                (v3.2.3)

2026-03-22T22:20:08.456+01:00  INFO 27656 --- [api-gateway] [           main] e.p.gateway.route.ApiGatewayRouteTest    : Starting ApiGatewayRouteTest using Java 17 with PID 27656 (started by madsu in C:\Users\madsu\Downloads\eu-integration-platform-delivered\api-gateway)
2026-03-22T22:20:08.456+01:00 DEBUG 27656 --- [api-gateway] [           main] e.p.gateway.route.ApiGatewayRouteTest    : Running with Spring Boot v3.2.3, Spring v6.1.4
2026-03-22T22:20:08.456+01:00  INFO 27656 --- [api-gateway] [           main] e.p.gateway.route.ApiGatewayRouteTest    : No active profile set, falling back to 1 default profile: "default"
2026-03-22T22:20:09.035+01:00  INFO 27656 --- [api-gateway] [           main] o.s.b.a.e.web.EndpointLinksResolver      : Exposing 15 endpoint(s) beneath base path '/actuator'
2026-03-22T22:20:09.061+01:00  INFO 27656 --- [api-gateway] [           main] e.p.gateway.route.ApiGatewayRouteTest    : Started ApiGatewayRouteTest in 0.627 seconds (process running for 5.33)
2026-03-22T22:20:09.062+01:00  INFO 27656 --- [api-gateway] [           main] o.a.c.t.s.j.CamelAnnotationsHandler      : Setting shutdown timeout to [10 SECONDS] on CamelContext with name [camelContext].
2026-03-22T22:20:09.062+01:00  INFO 27656 --- [api-gateway] [           main] o.a.c.t.s.j.CamelAnnotationsHandler      : Enabling auto mocking of endpoints matching pattern [direct:*|http:*|kafka:*] on CamelContext with name [camelContext].
2026-03-22T22:20:09.065+01:00  INFO 27656 --- [api-gateway] [           main] c.t.s.j.CamelSpringBootExecutionListener : CamelSpringBootExecutionListener before: class eu.platform.gateway.route.ApiGatewayRouteTest.testGatewaySuccessForwarding
2026-03-22T22:20:09.065+01:00  INFO 27656 --- [api-gateway] [           main] c.t.s.j.CamelSpringBootExecutionListener : Initialized CamelSpringBootExecutionListener now ready to start CamelContext
2026-03-22T22:20:09.065+01:00  INFO 27656 --- [api-gateway] [           main] o.a.c.t.s.j.CamelAnnotationsHandler      : Skipping starting CamelContext(s) as UseAdviceWith annotation was found and isUseAdviceWith is set to true.
2026-03-22T22:20:09.657+01:00  INFO 27656 --- [api-gateway] [           main] org.apache.camel.builder.AdviceWith      : AdviceWith route after: Route(gateway-forwarder)[From[direct:forward-to-integration] -> [OnException[[java.lang.Exception] -> [SetHeader[CamelHttpResponseCode, 500], SetBody[CrossBorderResponse(requestId=null, status=FAILURE, message=Internal Server Error in Gateway, processedBy=null, data=null)]]], OnException[[java.lang.SecurityException] -> [SetHeader[CamelHttpResponseCode, 401], SetBody[CrossBorderResponse(requestId=null, status=FAILURE, message=Unauthorized: Missing or invalid token, processedBy=null, data=null)]]], OnException[[org.apache.camel.processor.ThrottlerRejectedExecutionException] -> [SetHeader[CamelHttpResponseCode, 429], SetBody[CrossBorderResponse(requestId=null, status=FAILURE, message=Too Many Requests: Rate limit exceeded, processedBy=null, data=null)]]], Log[Forwarding request ${body.requestId} to Integration Service], To[http://localhost:8081/integration/v1/process?bridgeEndpoint=true]]]
2026-03-22T22:20:09.662+01:00  INFO 27656 --- [api-gateway] [           main] org.apache.camel.builder.AdviceWith      : Adviced route before/after as XML:
<route xmlns="http://camel.apache.org/schema/spring" id="gateway-forwarder">
    <from uri="direct:forward-to-integration"/>
    <onException>
        <exception>java.lang.Exception</exception>
        <setHeader name="CamelHttpResponseCode">
            <expressionDefinition/>
        </setHeader>
        <setBody>
            <expressionDefinition/>
        </setBody>
    </onException>
    <onException>
        <exception>java.lang.SecurityException</exception>
        <setHeader name="CamelHttpResponseCode">
            <expressionDefinition/>
        </setHeader>
        <setBody>
            <expressionDefinition/>
        </setBody>
    </onException>
    <onException>
        <exception>org.apache.camel.processor.ThrottlerRejectedExecutionException</exception>
        <setHeader name="CamelHttpResponseCode">
            <expressionDefinition/>
        </setHeader>
        <setBody>
            <expressionDefinition/>
        </setBody>
    </onException>
    <log message="Forwarding request ${body.requestId} to Integration Service"/>
    <to uri="http://localhost:8081/integration/v1/process?bridgeEndpoint=true"/>
</route>

<route xmlns="http://camel.apache.org/schema/spring" id="gateway-forwarder">
    <from uri="direct:forward-to-integration"/>
    <onException>
        <exception>java.lang.Exception</exception>
        <setHeader name="CamelHttpResponseCode">
            <expressionDefinition/>
        </setHeader>
        <setBody>
            <expressionDefinition/>
        </setBody>
    </onException>
    <onException>
        <exception>java.lang.SecurityException</exception>
        <setHeader name="CamelHttpResponseCode">
            <expressionDefinition/>
        </setHeader>
        <setBody>
            <expressionDefinition/>
        </setBody>
    </onException>
    <onException>
        <exception>org.apache.camel.processor.ThrottlerRejectedExecutionException</exception>
        <setHeader name="CamelHttpResponseCode">
            <expressionDefinition/>
        </setHeader>
        <setBody>
            <expressionDefinition/>
        </setBody>
    </onException>
    <log message="Forwarding request ${body.requestId} to Integration Service"/>
    <to uri="http://localhost:8081/integration/v1/process?bridgeEndpoint=true"/>
</route>
2026-03-22T22:20:09.706+01:00  INFO 27656 --- [api-gateway] [           main] .c.m.InterceptSendToMockEndpointStrategy : Adviced endpoint [http://localhost:8081/integration/v1/process?bridgeEndpoint=true] with mock endpoint [mock:http:localhost:8081/integration/v1/process]
2026-03-22T22:20:09.759+01:00  INFO 27656 --- [api-gateway] [           main] o.a.c.impl.engine.AbstractCamelContext   : Apache Camel 4.4.0 (EU-API-Gateway) is starting
2026-03-22T22:20:09.766+01:00  INFO 27656 --- [api-gateway] [           main] c.s.b.CamelSpringBootApplicationListener : Starting CamelMainRunController to ensure the main thread keeps running
2026-03-22T22:20:09.767+01:00  INFO 27656 --- [api-gateway] [inRunController] org.apache.camel.main.MainSupport        : Apache Camel (Main) 4.4.0 is starting
2026-03-22T22:20:09.768+01:00  INFO 27656 --- [api-gateway] [           main] o.a.c.impl.engine.AbstractCamelContext   : Routes startup (started:3)
2026-03-22T22:20:09.768+01:00  INFO 27656 --- [api-gateway] [           main] o.a.c.impl.engine.AbstractCamelContext   :     Started gateway-forwarder (direct://forward-to-integration)
2026-03-22T22:20:09.768+01:00  INFO 27656 --- [api-gateway] [           main] o.a.c.impl.engine.AbstractCamelContext   :     Started gateway-main-route (direct://process-request)
2026-03-22T22:20:09.768+01:00  INFO 27656 --- [api-gateway] [           main] o.a.c.impl.engine.AbstractCamelContext   :     Started route2 (rest://post:/v1/exchange:/)
2026-03-22T22:20:09.769+01:00  INFO 27656 --- [api-gateway] [           main] o.a.c.impl.engine.AbstractCamelContext   : Apache Camel 4.4.0 (EU-API-Gateway) started in 9ms (build:0ms init:0ms start:9ms)
2026-03-22T22:20:09.772+01:00  INFO 27656 --- [api-gateway] [           main] gateway-main-route                       : Gateway received request: 123 from DE
2026-03-22T22:20:09.776+01:00  INFO 27656 --- [api-gateway] [           main] gateway-forwarder                        : Forwarding request 123 to Integration Service
2026-03-22T22:20:09.780+01:00  INFO 27656 --- [api-gateway] [           main] o.a.c.impl.engine.AbstractCamelContext   : Apache Camel 4.4.0 (EU-API-Gateway) is shutting down (timeout:10s)
2026-03-22T22:20:09.782+01:00  INFO 27656 --- [api-gateway] [           main] o.a.c.impl.engine.AbstractCamelContext   : Routes stopped (stopped:3)
2026-03-22T22:20:09.782+01:00  INFO 27656 --- [api-gateway] [           main] o.a.c.impl.engine.AbstractCamelContext   :     Stopped route2 (rest://post:/v1/exchange:/)
2026-03-22T22:20:09.782+01:00  INFO 27656 --- [api-gateway] [           main] o.a.c.impl.engine.AbstractCamelContext   :     Stopped gateway-main-route (direct://process-request)
2026-03-22T22:20:09.782+01:00  INFO 27656 --- [api-gateway] [           main] o.a.c.impl.engine.AbstractCamelContext   :     Stopped gateway-forwarder (direct://forward-to-integration)
2026-03-22T22:20:09.783+01:00  INFO 27656 --- [api-gateway] [           main] o.a.c.impl.engine.AbstractCamelContext   : Apache Camel 4.4.0 (EU-API-Gateway) shutdown in 3ms (uptime:0s)
2026-03-22T22:20:09.786+01:00  INFO 27656 --- [api-gateway] [           main] e.p.gateway.route.ApiGatewayRouteTest    : ********************************************************************************
2026-03-22T22:20:09.786+01:00  INFO 27656 --- [api-gateway] [           main] e.p.gateway.route.ApiGatewayRouteTest    : Testing done: testGatewaySuccessForwarding (eu.platform.gateway.route.ApiGatewayRouteTest)
2026-03-22T22:20:09.787+01:00  INFO 27656 --- [api-gateway] [           main] e.p.gateway.route.ApiGatewayRouteTest    : Took: 721ms (721 millis)
2026-03-22T22:20:09.787+01:00  INFO 27656 --- [api-gateway] [           main] e.p.gateway.route.ApiGatewayRouteTest    : ********************************************************************************
2026-03-22T22:20:09.787+01:00  INFO 27656 --- [api-gateway] [           main] c.t.s.j.CamelSpringBootExecutionListener : CamelSpringBootExecutionListener after: class eu.platform.gateway.route.ApiGatewayRouteTest.testGatewaySuccessForwarding
]]></system-out>
  </testcase>
</testsuite>